<?xml version="1.0" encoding="UTF-8"?>
<!-- Generated by org.testng.reporters.JUnitReportReporter -->
<testsuite hostname="Pugazh" failures="0" tests="1" name="com.framework.servicenow.tests.rest.TC002_UpdateIncident" time="0.463" errors="0" timestamp="2023-12-11T19:23:07 GMT" skipped="0">
  <testcase classname="com.framework.servicenow.tests.rest.TC002_UpdateIncident" name="UpdateIncident" time="0.463"/>
  <system-out/>
</testsuite> <!-- com.framework.servicenow.tests.rest.TC002_UpdateIncident -->
