<?xml version="1.0" encoding="UTF-8"?>
<!-- Generated by org.testng.reporters.JUnitReportReporter -->
<testsuite hostname="Pugazh" failures="0" tests="1" name="com.framework.jira.tests.rest.TC001_CreateIssue" time="3.543" errors="0" timestamp="2023-12-13T12:20:27 GMT" skipped="0">
  <testcase classname="com.framework.jira.tests.rest.TC001_CreateIssue" name="createIncident" time="3.543"/>
  <system-out/>
</testsuite> <!-- com.framework.jira.tests.rest.TC001_CreateIssue -->
