<?xml version="1.0" encoding="UTF-8"?>
<!-- Generated by org.testng.reporters.JUnitReportReporter -->
<testsuite hostname="Pugazh" failures="0" tests="1" name="com.framework.jira.tests.rest.TC003_DeleteIssue" time="0.802" errors="0" timestamp="2023-12-13T12:20:27 GMT" skipped="0">
  <testcase classname="com.framework.jira.tests.rest.TC003_DeleteIssue" name="deleteIssue" time="0.802"/>
  <system-out/>
</testsuite> <!-- com.framework.jira.tests.rest.TC003_DeleteIssue -->
